c:\diplomarbeit\visual-studio\cmake-build\impsengine\cmakefiles\generate.stamp
c:\diplomarbeit\visual-studio\cmake-build\impsengine\debug\iaclib.lib
c:\diplomarbeit\visual-studio\cmake-build\impsengine\iaclib.dir\debug\ialibrary.obj
c:\diplomarbeit\visual-studio\cmake-build\impsengine\iaclib.dir\debug\iaarray.obj
c:\diplomarbeit\visual-studio\cmake-build\impsengine\iaclib.dir\debug\iaarrayiterator.obj
c:\diplomarbeit\visual-studio\cmake-build\impsengine\iaclib.dir\debug\iaarraylist.obj
c:\diplomarbeit\visual-studio\cmake-build\impsengine\iaclib.dir\debug\iaarraylistiterator.obj
c:\diplomarbeit\visual-studio\cmake-build\impsengine\iaclib.dir\debug\iaautoexpandinghashmap.obj
c:\diplomarbeit\visual-studio\cmake-build\impsengine\iaclib.dir\debug\iaautoexpandinghashmapiterator.obj
c:\diplomarbeit\visual-studio\cmake-build\impsengine\iaclib.dir\debug\iahashmap.obj
c:\diplomarbeit\visual-studio\cmake-build\impsengine\iaclib.dir\debug\iahashmapiterator.obj
c:\diplomarbeit\visual-studio\cmake-build\impsengine\iaclib.dir\debug\iaautoreleasepool.obj
c:\diplomarbeit\visual-studio\cmake-build\impsengine\iaclib.dir\debug\iamemorypool.obj
c:\diplomarbeit\visual-studio\cmake-build\impsengine\iaclib.dir\debug\iamemorypoolelement.obj
c:\diplomarbeit\visual-studio\cmake-build\impsengine\iaclib.dir\debug\iaallocationtracker.obj
c:\diplomarbeit\visual-studio\cmake-build\impsengine\iaclib.dir\debug\iaallocationtrackerelement.obj
c:\diplomarbeit\visual-studio\cmake-build\impsengine\iaclib.dir\debug\iaallocationtracking.obj
c:\diplomarbeit\visual-studio\cmake-build\impsengine\iaclib.dir\debug\iaallocationtrackingelement.obj
c:\diplomarbeit\visual-studio\cmake-build\impsengine\iaclib.dir\debug\iachararray.obj
c:\diplomarbeit\visual-studio\cmake-build\impsengine\iaclib.dir\debug\iahashing.obj
c:\diplomarbeit\visual-studio\cmake-build\impsengine\iaclib.dir\debug\iastring.obj
c:\diplomarbeit\visual-studio\cmake-build\impsengine\iaclib.dir\debug\iacondition.obj
c:\diplomarbeit\visual-studio\cmake-build\impsengine\iaclib.dir\debug\ialock.obj
c:\diplomarbeit\visual-studio\cmake-build\impsengine\iaclib.dir\debug\iarecursivelock.obj
c:\diplomarbeit\visual-studio\cmake-build\impsengine\iaclib.dir\debug\iaclibwinmappings.obj
c:\diplomarbeit\visual-studio\cmake-build\impsengine\iaclib.dir\debug\iaclib.tlog\clang.command.1.tlog
c:\diplomarbeit\visual-studio\cmake-build\impsengine\iaclib.dir\debug\iaclib.tlog\custombuild.command.1.tlog
c:\diplomarbeit\visual-studio\cmake-build\impsengine\iaclib.dir\debug\iaclib.tlog\custombuild.read.1.tlog
c:\diplomarbeit\visual-studio\cmake-build\impsengine\iaclib.dir\debug\iaclib.tlog\custombuild.write.1.tlog
c:\diplomarbeit\visual-studio\cmake-build\impsengine\iaclib.dir\debug\iaclib.tlog\lib-link.read.1.tlog
c:\diplomarbeit\visual-studio\cmake-build\impsengine\iaclib.dir\debug\iaclib.tlog\lib-link.write.1.tlog
c:\diplomarbeit\visual-studio\cmake-build\impsengine\iaclib.dir\debug\iaclib.tlog\lib.command.1.tlog
c:\diplomarbeit\visual-studio\cmake-build\impsengine\iaclib.dir\debug\iaclib.tlog\microsoft.build.cpptasks.clangcompile.read.1.tlog
c:\diplomarbeit\visual-studio\cmake-build\impsengine\iaclib.dir\debug\iaclib.tlog\microsoft.build.cpptasks.clangcompile.write.1.tlog
