c:\diplomarbeit\visual-studio\cmake-build\impsengine\debug\iaopengl.lib
c:\diplomarbeit\visual-studio\cmake-build\impsengine\iaopengl.dir\debug\iacurrentframebuffer.obj
c:\diplomarbeit\visual-studio\cmake-build\impsengine\iaopengl.dir\debug\iadefaultframebuffer.obj
c:\diplomarbeit\visual-studio\cmake-build\impsengine\iaopengl.dir\debug\iaframeanimationcalculation.obj
c:\diplomarbeit\visual-studio\cmake-build\impsengine\iaopengl.dir\debug\iautf8helper.obj
c:\diplomarbeit\visual-studio\cmake-build\impsengine\iaopengl.dir\debug\iaopengl.obj
c:\diplomarbeit\visual-studio\cmake-build\impsengine\iaopengl.dir\debug\iaoffscreenframebuffer.obj
c:\diplomarbeit\visual-studio\cmake-build\impsengine\iaopengl.dir\debug\iabackgroundcolor.obj
c:\diplomarbeit\visual-studio\cmake-build\impsengine\iaopengl.dir\debug\iacolorrect.obj
c:\diplomarbeit\visual-studio\cmake-build\impsengine\iaopengl.dir\debug\iadrawable.obj
c:\diplomarbeit\visual-studio\cmake-build\impsengine\iaopengl.dir\debug\iadrawablerect.obj
c:\diplomarbeit\visual-studio\cmake-build\impsengine\iaopengl.dir\debug\iagraphicrect.obj
c:\diplomarbeit\visual-studio\cmake-build\impsengine\iaopengl.dir\debug\iaimage.obj
c:\diplomarbeit\visual-studio\cmake-build\impsengine\iaopengl.dir\debug\iaimageattributes.obj
c:\diplomarbeit\visual-studio\cmake-build\impsengine\iaopengl.dir\debug\iaimagecontext.obj
c:\diplomarbeit\visual-studio\cmake-build\impsengine\iaopengl.dir\debug\iatrimmedrect.obj
c:\diplomarbeit\visual-studio\cmake-build\impsengine\iaopengl.dir\debug\iaacceleration.obj
c:\diplomarbeit\visual-studio\cmake-build\impsengine\iaopengl.dir\debug\iaaccelerationanimation.obj
c:\diplomarbeit\visual-studio\cmake-build\impsengine\iaopengl.dir\debug\iaaccelerationanimationattributes.obj
c:\diplomarbeit\visual-studio\cmake-build\impsengine\iaopengl.dir\debug\iacompositedanimation.obj
c:\diplomarbeit\visual-studio\cmake-build\impsengine\iaopengl.dir\debug\iacompositedanimationdelegate.obj
c:\diplomarbeit\visual-studio\cmake-build\impsengine\iaopengl.dir\debug\iacompositedanimationdelegateattributes.obj
c:\diplomarbeit\visual-studio\cmake-build\impsengine\iaopengl.dir\debug\iaframeanimation.obj
c:\diplomarbeit\visual-studio\cmake-build\impsengine\iaopengl.dir\debug\iaframeanimationattributes.obj
c:\diplomarbeit\visual-studio\cmake-build\impsengine\iaopengl.dir\debug\iaframeanimationgroup.obj
c:\diplomarbeit\visual-studio\cmake-build\impsengine\iaopengl.dir\debug\iaframeanimationgroupattributes.obj
c:\diplomarbeit\visual-studio\cmake-build\impsengine\iaopengl.dir\debug\iapauseanimation.obj
c:\diplomarbeit\visual-studio\cmake-build\impsengine\iaopengl.dir\debug\iaarraybuffer.obj
c:\diplomarbeit\visual-studio\cmake-build\impsengine\iaopengl.dir\debug\iabuffer.obj
c:\diplomarbeit\visual-studio\cmake-build\impsengine\iaopengl.dir\debug\iaelementarraybuffer.obj
c:\diplomarbeit\visual-studio\cmake-build\impsengine\iaopengl.dir\debug\iacolorablefontatlas.obj
c:\diplomarbeit\visual-studio\cmake-build\impsengine\iaopengl.dir\debug\iafontatlas.obj
c:\diplomarbeit\visual-studio\cmake-build\impsengine\iaopengl.dir\debug\iafontinformation.obj
c:\diplomarbeit\visual-studio\cmake-build\impsengine\iaopengl.dir\debug\iafontinformationattributes.obj
c:\diplomarbeit\visual-studio\cmake-build\impsengine\iaopengl.dir\debug\iaglyph.obj
c:\diplomarbeit\visual-studio\cmake-build\impsengine\iaopengl.dir\debug\iakerningamount.obj
c:\diplomarbeit\visual-studio\cmake-build\impsengine\iaopengl.dir\debug\iabitmap.obj
c:\diplomarbeit\visual-studio\cmake-build\impsengine\iaopengl.dir\debug\iabitmapmanager.obj
c:\diplomarbeit\visual-studio\cmake-build\impsengine\iaopengl.dir\debug\iabitmapmanagersingleton.obj
c:\diplomarbeit\visual-studio\cmake-build\impsengine\iaopengl.dir\debug\iatexture.obj
c:\diplomarbeit\visual-studio\cmake-build\impsengine\iaopengl.dir\debug\iatexturedelegate.obj
c:\diplomarbeit\visual-studio\cmake-build\impsengine\iaopengl.dir\debug\iatexturedelegateattributes.obj
c:\diplomarbeit\visual-studio\cmake-build\impsengine\iaopengl.dir\debug\iatextureselection.obj
c:\diplomarbeit\visual-studio\cmake-build\impsengine\iaopengl.dir\debug\iatextureselectiondata.obj
c:\diplomarbeit\visual-studio\cmake-build\impsengine\iaopengl.dir\debug\iacolor.obj
c:\diplomarbeit\visual-studio\cmake-build\impsengine\iaopengl.dir\debug\iapoint.obj
c:\diplomarbeit\visual-studio\cmake-build\impsengine\iaopengl.dir\debug\iapos.obj
c:\diplomarbeit\visual-studio\cmake-build\impsengine\iaopengl.dir\debug\iarect.obj
c:\diplomarbeit\visual-studio\cmake-build\impsengine\iaopengl.dir\debug\iasize.obj
c:\diplomarbeit\visual-studio\cmake-build\impsengine\iaopengl.dir\debug\iaintent.obj
c:\diplomarbeit\visual-studio\cmake-build\impsengine\iaopengl.dir\debug\iaview.obj
c:\diplomarbeit\visual-studio\cmake-build\impsengine\iaopengl.dir\debug\iaviewattributes.obj
c:\diplomarbeit\visual-studio\cmake-build\impsengine\iaopengl.dir\debug\iaviewholder.obj
c:\diplomarbeit\visual-studio\cmake-build\impsengine\iaopengl.dir\debug\iacurrentframe.obj
c:\diplomarbeit\visual-studio\cmake-build\impsengine\iaopengl.dir\debug\iaopenglconstants.obj
c:\diplomarbeit\visual-studio\cmake-build\impsengine\iaopengl.dir\debug\iaopenglresourcedelegate.obj
c:\diplomarbeit\visual-studio\cmake-build\impsengine\iaopengl.dir\debug\iaopenglresourcedelegateattributes.obj
c:\diplomarbeit\visual-studio\cmake-build\impsengine\iaopengl.dir\debug\iaopenglresourcemanager.obj
c:\diplomarbeit\visual-studio\cmake-build\impsengine\iaopengl.dir\debug\iamatrix44.obj
c:\diplomarbeit\visual-studio\cmake-build\impsengine\iaopengl.dir\debug\iacolorrectprogram.obj
c:\diplomarbeit\visual-studio\cmake-build\impsengine\iaopengl.dir\debug\iacolorrectprogramsingleton.obj
c:\diplomarbeit\visual-studio\cmake-build\impsengine\iaopengl.dir\debug\iaimageprogram.obj
c:\diplomarbeit\visual-studio\cmake-build\impsengine\iaopengl.dir\debug\iaimageprogramsingleton.obj
c:\diplomarbeit\visual-studio\cmake-build\impsengine\iaopengl.dir\debug\iaprogram.obj
c:\diplomarbeit\visual-studio\cmake-build\impsengine\iaopengl.dir\debug\iashader.obj
c:\diplomarbeit\visual-studio\cmake-build\impsengine\iaopengl.dir\debug\iadrawingbounds.obj
c:\diplomarbeit\visual-studio\cmake-build\impsengine\iaopengl.dir\debug\iameassure.obj
c:\diplomarbeit\visual-studio\cmake-build\impsengine\iaopengl.dir\debug\iastopwatch.obj
c:\diplomarbeit\visual-studio\cmake-build\impsengine\iaopengl.dir\debug\iaviewport.obj
c:\diplomarbeit\visual-studio\cmake-build\impsengine\iaopengl.dir\debug\iaopenglwinmappings.obj
c:\diplomarbeit\visual-studio\cmake-build\impsengine\iaopengl.dir\debug\iaopengl.tlog\clang.command.1.tlog
c:\diplomarbeit\visual-studio\cmake-build\impsengine\iaopengl.dir\debug\iaopengl.tlog\lib-link.read.1.tlog
c:\diplomarbeit\visual-studio\cmake-build\impsengine\iaopengl.dir\debug\iaopengl.tlog\lib-link.write.1.tlog
c:\diplomarbeit\visual-studio\cmake-build\impsengine\iaopengl.dir\debug\iaopengl.tlog\lib.command.1.tlog
c:\diplomarbeit\visual-studio\cmake-build\impsengine\iaopengl.dir\debug\iaopengl.tlog\microsoft.build.cpptasks.clangcompile.read.1.tlog
c:\diplomarbeit\visual-studio\cmake-build\impsengine\iaopengl.dir\debug\iaopengl.tlog\microsoft.build.cpptasks.clangcompile.write.1.tlog
