  Building Custom Rule C:/diplomarbeit/impsengine/CMakeLists.txt
  CMake does not need to re-run because C:/diplomarbeit/visual-studio/cmake-build/impsengine/CMakeFiles/generate.stamp is up-to-date.
  xmlparse.c
  In file included from C:\diplomarbeit\impsengine\dependencies\expat-2.2.1\lib\xmlparse.c:27:
C:\diplomarbeit\impsengine\dependencies\expat-2.2.1\lib/winconfig.h(34,9): warning : 'HAVE_MEMMOVE' macro redefined [-Wmacro-redefined]
  #define HAVE_MEMMOVE
          ^
  <command line>(4,9) :  note: previous definition is here
  #define HAVE_MEMMOVE 1
          ^
C:\diplomarbeit\impsengine\dependencies\expat-2.2.1\lib\xmlparse.c(796,44): warning : 'getenv' is deprecated: This function or variable may be unsafe. Consider using _dupenv_s instead. To disable deprecation, use _CRT_SECURE_NO_WARNINGS. See online help for details. [-Wdeprecated-declarations]
    const char * const EXPAT_ENTROPY_DEBUG = getenv("EXPAT_ENTROPY_DEBUG");
                                             ^
  C:\Program Files (x86)\Windows Kits\10\Include\10.0.17134.0\ucrt\stdlib.h(1191,28) :  note: 'getenv' has been explicitly marked deprecated here
      _DCRTIMP char* __cdecl getenv(
                             ^
  2 warnings generated.
  xmlrole.c
  In file included from C:\diplomarbeit\impsengine\dependencies\expat-2.2.1\lib\xmlrole.c:8:
C:\diplomarbeit\impsengine\dependencies\expat-2.2.1\lib/winconfig.h(34,9): warning : 'HAVE_MEMMOVE' macro redefined [-Wmacro-redefined]
  #define HAVE_MEMMOVE
          ^
  <command line>(4,9) :  note: previous definition is here
  #define HAVE_MEMMOVE 1
          ^
  1 warning generated.
  xmltok_ns.c
  xmltok.c
  In file included from C:\diplomarbeit\impsengine\dependencies\expat-2.2.1\lib\xmltok.c:8:
C:\diplomarbeit\impsengine\dependencies\expat-2.2.1\lib/winconfig.h(34,9): warning : 'HAVE_MEMMOVE' macro redefined [-Wmacro-redefined]
  #define HAVE_MEMMOVE
          ^
  <command line>(4,9) :  note: previous definition is here
  #define HAVE_MEMMOVE 1
          ^
  1 warning generated.
  iaexpat.vcxproj -> C:\diplomarbeit\visual-studio\cmake-build\impsengine\Debug\iaexpat.lib
