c:\diplomarbeit\visual-studio\cmake-build\impsengine\debug\iamulti_touch.lib
c:\diplomarbeit\visual-studio\cmake-build\impsengine\iamulti_touch.dir\debug\iabutton.obj
c:\diplomarbeit\visual-studio\cmake-build\impsengine\iamulti_touch.dir\debug\iabuttonattributes.obj
c:\diplomarbeit\visual-studio\cmake-build\impsengine\iamulti_touch.dir\debug\iamultitouch.obj
c:\diplomarbeit\visual-studio\cmake-build\impsengine\iamulti_touch.dir\debug\iaoverscrollinghandler.obj
c:\diplomarbeit\visual-studio\cmake-build\impsengine\iamulti_touch.dir\debug\iascrollview.obj
c:\diplomarbeit\visual-studio\cmake-build\impsengine\iamulti_touch.dir\debug\iascrollviewattributes.obj
c:\diplomarbeit\visual-studio\cmake-build\impsengine\iamulti_touch.dir\debug\iascrollingdata.obj
c:\diplomarbeit\visual-studio\cmake-build\impsengine\iamulti_touch.dir\debug\iatouch.obj
c:\diplomarbeit\visual-studio\cmake-build\impsengine\iamulti_touch.dir\debug\iatouchdelegate.obj
c:\diplomarbeit\visual-studio\cmake-build\impsengine\iamulti_touch.dir\debug\iatouchdelegateattributes.obj
c:\diplomarbeit\visual-studio\cmake-build\impsengine\iamulti_touch.dir\debug\iatouchhandler.obj
c:\diplomarbeit\visual-studio\cmake-build\impsengine\iamulti_touch.dir\debug\iatouchmanager.obj
c:\diplomarbeit\visual-studio\cmake-build\impsengine\iamulti_touch.dir\debug\iawintouchhandler.obj
c:\diplomarbeit\visual-studio\cmake-build\impsengine\iamulti_touch.dir\debug\iamulti_touch.tlog\clang.command.1.tlog
c:\diplomarbeit\visual-studio\cmake-build\impsengine\iamulti_touch.dir\debug\iamulti_touch.tlog\lib-link.read.1.tlog
c:\diplomarbeit\visual-studio\cmake-build\impsengine\iamulti_touch.dir\debug\iamulti_touch.tlog\lib-link.write.1.tlog
c:\diplomarbeit\visual-studio\cmake-build\impsengine\iamulti_touch.dir\debug\iamulti_touch.tlog\lib.command.1.tlog
c:\diplomarbeit\visual-studio\cmake-build\impsengine\iamulti_touch.dir\debug\iamulti_touch.tlog\microsoft.build.cpptasks.clangcompile.read.1.tlog
c:\diplomarbeit\visual-studio\cmake-build\impsengine\iamulti_touch.dir\debug\iamulti_touch.tlog\microsoft.build.cpptasks.clangcompile.write.1.tlog
